0 info it worked if it ends with ok
1 verbose cli [
1 verbose cli   '/usr/local/bin/node',
1 verbose cli   '/usr/local/bin/npm',
1 verbose cli   'install',
1 verbose cli   'normalize.css'
1 verbose cli ]
2 info using npm@3.10.10
3 info using node@v18.16.0
4 silly loadCurrentTree Starting
5 silly install loadCurrentTree
6 silly install readLocalPackageData
7 verbose stack TypeError: cb.apply is not a function
7 verbose stack     at /usr/local/lib/node_modules/npm/node_modules/graceful-fs/polyfills.js:267:18
7 verbose stack     at FSReqCallback.oncomplete (node:fs:209:5)
8 verbose cwd /Users/setup/Desktop/assessment-liquid-thought/liquid-thought-assessment
9 error Darwin 21.6.0
10 error argv "/usr/local/bin/node" "/usr/local/bin/npm" "install" "normalize.css"
11 error node v18.16.0
12 error npm  v3.10.10
13 error cb.apply is not a function
14 error If you need help, you may report this error at:
14 error     <https://github.com/npm/npm/issues>
15 verbose exit [ 1, true ]
